<?xml version="1.0" encoding="UTF-8"?>
<!-- Generated by org.testng.reporters.JUnitReportReporter -->
<testsuite hostname="TestGroup" failures="0" tests="4" name="test.java.previred.CU002_Enfermo_terminal" time="401.452" errors="0" timestamp="2025-08-09T15:25:04 CLT" skipped="0">
  <testcase classname="test.java.previred.CU002_Enfermo_terminal" name="Flujo_Sagcom" time="71.152"/>
  <system-out/>
  <testcase classname="test.java.previred.CU002_Enfermo_terminal" name="Flujo_Sagcom_Administrativo" time="125.603"/>
  <system-out/>
  <testcase classname="test.java.previred.CU002_Enfermo_terminal" name="Flujo_Sagcom_Medico" time="87.555"/>
  <system-out/>
  <testcase classname="test.java.previred.CU002_Enfermo_terminal" name="Flujo_Sagcom_Administrativo1" time="117.142"/>
  <system-out/>
</testsuite> <!-- test.java.previred.CU002_Enfermo_terminal -->
